<?xml version="1.0" encoding="UTF-8"?>
<!-- Generated by org.testng.reporters.JUnitXMLReporter -->
<testsuite ignored="0" hostname="DESKTOP-TNIL84B" failures="0" tests="2" name="Default test" time="3.814" errors="0" timestamp="2024-03-28T17:24:44 GMT-04:00">
  <testcase classname="io.cucumber.testng.AbstractTestNGCucumberTests" name="runScenario" time="2.826"/>
  <testcase classname="io.cucumber.testng.AbstractTestNGCucumberTests" name="runScenario" time="0.737"/>
</testsuite> <!-- Default test -->
