<?xml version="1.0" encoding="UTF-8"?>
<testng-results ignored="0" total="2" passed="2" failed="0" skipped="0">
  <reporter-output>
  </reporter-output>
  <suite started-at="2024-03-28T18:09:34 GMT-04:00" name="Default suite" finished-at="2024-03-28T18:09:39 GMT-04:00" duration-ms="4342">
    <groups>
      <group name="cucumber">
        <method signature="AbstractTestNGCucumberTests.runScenario(io.cucumber.testng.PickleWrapper,io.cucumber.testng.FeatureWrapper)[pri:0, instance:phase2lmsapihackathon.runner.Runner@5386659f]" name="runScenario" class="io.cucumber.testng.AbstractTestNGCucumberTests"/>
      </group> <!-- cucumber -->
    </groups>
    <test started-at="2024-03-28T18:09:34 GMT-04:00" name="Default test" finished-at="2024-03-28T18:09:39 GMT-04:00" duration-ms="4342">
      <class name="phase2lmsapihackathon.runner.Runner">
        <test-method is-config="true" signature="setUpClass(org.testng.ITestContext)[pri:0, instance:phase2lmsapihackathon.runner.Runner@5386659f]" started-at="2024-03-28T18:09:34 GMT-04:00" name="setUpClass" finished-at="2024-03-28T18:09:35 GMT-04:00" duration-ms="231" status="PASS">
          <params>
            <param index="0">
              <value>
                <![CDATA[org.testng.TestRunner@71e2c6d8]]>
              </value>
            </param>
          </params>
          <reporter-output>
          </reporter-output>
        </test-method> <!-- setUpClass -->
        <test-method signature="runScenario(io.cucumber.testng.PickleWrapper,io.cucumber.testng.FeatureWrapper)[pri:0, instance:phase2lmsapihackathon.runner.Runner@5386659f]" started-at="2024-03-28T18:09:35 GMT-04:00" name="runScenario" description="Runs Cucumber Scenarios" data-provider="scenarios" finished-at="2024-03-28T18:09:38 GMT-04:00" duration-ms="3581" status="PASS">
          <params>
            <param index="0">
              <value>
                <![CDATA["Check if user able to retrieve all Programs"]]>
              </value>
            </param>
            <param index="1">
              <value>
                <![CDATA["Check Users"]]>
              </value>
            </param>
          </params>
          <reporter-output>
          </reporter-output>
        </test-method> <!-- runScenario -->
        <test-method signature="runScenario(io.cucumber.testng.PickleWrapper,io.cucumber.testng.FeatureWrapper)[pri:0, instance:phase2lmsapihackathon.runner.Runner@5386659f]" started-at="2024-03-28T18:09:38 GMT-04:00" name="runScenario" description="Runs Cucumber Scenarios" data-provider="scenarios" finished-at="2024-03-28T18:09:39 GMT-04:00" duration-ms="438" status="PASS">
          <params>
            <param index="0">
              <value>
                <![CDATA["Check if user able to retrieve all users"]]>
              </value>
            </param>
            <param index="1">
              <value>
                <![CDATA["Check Users"]]>
              </value>
            </param>
          </params>
          <reporter-output>
          </reporter-output>
        </test-method> <!-- runScenario -->
        <test-method is-config="true" signature="tearDownClass()[pri:0, instance:phase2lmsapihackathon.runner.Runner@5386659f]" started-at="2024-03-28T18:09:39 GMT-04:00" name="tearDownClass" finished-at="2024-03-28T18:09:39 GMT-04:00" duration-ms="7" status="PASS">
          <reporter-output>
          </reporter-output>
        </test-method> <!-- tearDownClass -->
      </class> <!-- phase2lmsapihackathon.runner.Runner -->
    </test> <!-- Default test -->
  </suite> <!-- Default suite -->
</testng-results>
