<?xml version="1.0" encoding="UTF-8"?>
<testng-results ignored="0" total="16" passed="16" failed="0" skipped="0">
  <reporter-output>
  </reporter-output>
  <suite started-at="2024-04-02T02:33:03 GMT-04:00" name="Default suite" finished-at="2024-04-02T02:33:20 GMT-04:00" duration-ms="16645">
    <groups>
      <group name="cucumber">
        <method signature="AbstractTestNGCucumberTests.runScenario(io.cucumber.testng.PickleWrapper,io.cucumber.testng.FeatureWrapper)[pri:0, instance:phase2lmsapihackathon.runner.GetUserRunner@5386659f]" name="runScenario" class="io.cucumber.testng.AbstractTestNGCucumberTests"/>
      </group> <!-- cucumber -->
    </groups>
    <test started-at="2024-04-02T02:33:03 GMT-04:00" name="Default test" finished-at="2024-04-02T02:33:20 GMT-04:00" duration-ms="16645">
      <class name="phase2lmsapihackathon.runner.GetUserRunner">
        <test-method is-config="true" signature="setUpClass(org.testng.ITestContext)[pri:0, instance:phase2lmsapihackathon.runner.GetUserRunner@5386659f]" started-at="2024-04-02T02:33:03 GMT-04:00" name="setUpClass" finished-at="2024-04-02T02:33:04 GMT-04:00" duration-ms="788" status="PASS">
          <params>
            <param index="0">
              <value>
                <![CDATA[org.testng.TestRunner@7c919e1e]]>
              </value>
            </param>
          </params>
          <reporter-output>
          </reporter-output>
        </test-method> <!-- setUpClass -->
        <test-method signature="runScenario(io.cucumber.testng.PickleWrapper,io.cucumber.testng.FeatureWrapper)[pri:0, instance:phase2lmsapihackathon.runner.GetUserRunner@5386659f]" started-at="2024-04-02T02:33:04 GMT-04:00" name="runScenario" description="Runs Cucumber Scenarios" data-provider="scenarios" finished-at="2024-04-02T02:33:11 GMT-04:00" duration-ms="6778" status="PASS">
          <params>
            <param index="0">
              <value>
                <![CDATA["Checking EndPoints: [GetAllUsers,GetAllRoles,GetAllUsersWithRole,GetUsersByRoleIdV2]"]]>
              </value>
            </param>
            <param index="1">
              <value>
                <![CDATA["Check Users"]]>
              </value>
            </param>
          </params>
          <reporter-output>
          </reporter-output>
        </test-method> <!-- runScenario -->
        <test-method signature="runScenario(io.cucumber.testng.PickleWrapper,io.cucumber.testng.FeatureWrapper)[pri:0, instance:phase2lmsapihackathon.runner.GetUserRunner@5386659f]" started-at="2024-04-02T02:33:11 GMT-04:00" name="runScenario" description="Runs Cucumber Scenarios" data-provider="scenarios" finished-at="2024-04-02T02:33:11 GMT-04:00" duration-ms="295" status="PASS">
          <params>
            <param index="0">
              <value>
                <![CDATA["Checking EndPoints: [GetAllUsers,GetAllRoles,GetAllUsersWithRole,GetUsersByRoleIdV2]"]]>
              </value>
            </param>
            <param index="1">
              <value>
                <![CDATA["Check Users"]]>
              </value>
            </param>
          </params>
          <reporter-output>
          </reporter-output>
        </test-method> <!-- runScenario -->
        <test-method signature="runScenario(io.cucumber.testng.PickleWrapper,io.cucumber.testng.FeatureWrapper)[pri:0, instance:phase2lmsapihackathon.runner.GetUserRunner@5386659f]" started-at="2024-04-02T02:33:11 GMT-04:00" name="runScenario" description="Runs Cucumber Scenarios" data-provider="scenarios" finished-at="2024-04-02T02:33:13 GMT-04:00" duration-ms="2553" status="PASS">
          <params>
            <param index="0">
              <value>
                <![CDATA["Checking EndPoints: [GetAllUsers,GetAllRoles,GetAllUsersWithRole,GetUsersByRoleIdV2]"]]>
              </value>
            </param>
            <param index="1">
              <value>
                <![CDATA["Check Users"]]>
              </value>
            </param>
          </params>
          <reporter-output>
          </reporter-output>
        </test-method> <!-- runScenario -->
        <test-method signature="runScenario(io.cucumber.testng.PickleWrapper,io.cucumber.testng.FeatureWrapper)[pri:0, instance:phase2lmsapihackathon.runner.GetUserRunner@5386659f]" started-at="2024-04-02T02:33:13 GMT-04:00" name="runScenario" description="Runs Cucumber Scenarios" data-provider="scenarios" finished-at="2024-04-02T02:33:15 GMT-04:00" duration-ms="1693" status="PASS">
          <params>
            <param index="0">
              <value>
                <![CDATA["Checking EndPoints: [GetAllUsers,GetAllRoles,GetAllUsersWithRole,GetUsersByRoleIdV2]"]]>
              </value>
            </param>
            <param index="1">
              <value>
                <![CDATA["Check Users"]]>
              </value>
            </param>
          </params>
          <reporter-output>
          </reporter-output>
        </test-method> <!-- runScenario -->
        <test-method signature="runScenario(io.cucumber.testng.PickleWrapper,io.cucumber.testng.FeatureWrapper)[pri:0, instance:phase2lmsapihackathon.runner.GetUserRunner@5386659f]" started-at="2024-04-02T02:33:15 GMT-04:00" name="runScenario" description="Runs Cucumber Scenarios" data-provider="scenarios" finished-at="2024-04-02T02:33:16 GMT-04:00" duration-ms="1034" status="PASS">
          <params>
            <param index="0">
              <value>
                <![CDATA["Checking Endpoints [GetUserByUserId]"]]>
              </value>
            </param>
            <param index="1">
              <value>
                <![CDATA["Check Users"]]>
              </value>
            </param>
          </params>
          <reporter-output>
          </reporter-output>
        </test-method> <!-- runScenario -->
        <test-method signature="runScenario(io.cucumber.testng.PickleWrapper,io.cucumber.testng.FeatureWrapper)[pri:0, instance:phase2lmsapihackathon.runner.GetUserRunner@5386659f]" started-at="2024-04-02T02:33:16 GMT-04:00" name="runScenario" description="Runs Cucumber Scenarios" data-provider="scenarios" finished-at="2024-04-02T02:33:16 GMT-04:00" duration-ms="237" status="PASS">
          <params>
            <param index="0">
              <value>
                <![CDATA["Checking Endpoints: [GetUsersByProgramBatchId,GetUserByProgramId,GetUsersByStatus,GetUsersByRoleId]"]]>
              </value>
            </param>
            <param index="1">
              <value>
                <![CDATA["Check Users"]]>
              </value>
            </param>
          </params>
          <reporter-output>
          </reporter-output>
        </test-method> <!-- runScenario -->
        <test-method signature="runScenario(io.cucumber.testng.PickleWrapper,io.cucumber.testng.FeatureWrapper)[pri:0, instance:phase2lmsapihackathon.runner.GetUserRunner@5386659f]" started-at="2024-04-02T02:33:16 GMT-04:00" name="runScenario" description="Runs Cucumber Scenarios" data-provider="scenarios" finished-at="2024-04-02T02:33:17 GMT-04:00" duration-ms="219" status="PASS">
          <params>
            <param index="0">
              <value>
                <![CDATA["Checking Endpoints: [GetUsersByProgramBatchId,GetUserByProgramId,GetUsersByStatus,GetUsersByRoleId]"]]>
              </value>
            </param>
            <param index="1">
              <value>
                <![CDATA["Check Users"]]>
              </value>
            </param>
          </params>
          <reporter-output>
          </reporter-output>
        </test-method> <!-- runScenario -->
        <test-method signature="runScenario(io.cucumber.testng.PickleWrapper,io.cucumber.testng.FeatureWrapper)[pri:0, instance:phase2lmsapihackathon.runner.GetUserRunner@5386659f]" started-at="2024-04-02T02:33:17 GMT-04:00" name="runScenario" description="Runs Cucumber Scenarios" data-provider="scenarios" finished-at="2024-04-02T02:33:17 GMT-04:00" duration-ms="204" status="PASS">
          <params>
            <param index="0">
              <value>
                <![CDATA["Checking Endpoints: [GetUsersByProgramBatchId,GetUserByProgramId,GetUsersByStatus,GetUsersByRoleId]"]]>
              </value>
            </param>
            <param index="1">
              <value>
                <![CDATA["Check Users"]]>
              </value>
            </param>
          </params>
          <reporter-output>
          </reporter-output>
        </test-method> <!-- runScenario -->
        <test-method signature="runScenario(io.cucumber.testng.PickleWrapper,io.cucumber.testng.FeatureWrapper)[pri:0, instance:phase2lmsapihackathon.runner.GetUserRunner@5386659f]" started-at="2024-04-02T02:33:17 GMT-04:00" name="runScenario" description="Runs Cucumber Scenarios" data-provider="scenarios" finished-at="2024-04-02T02:33:17 GMT-04:00" duration-ms="202" status="PASS">
          <params>
            <param index="0">
              <value>
                <![CDATA["Checking Endpoints: [GetUsersByProgramBatchId,GetUserByProgramId,GetUsersByStatus,GetUsersByRoleId]"]]>
              </value>
            </param>
            <param index="1">
              <value>
                <![CDATA["Check Users"]]>
              </value>
            </param>
          </params>
          <reporter-output>
          </reporter-output>
        </test-method> <!-- runScenario -->
        <test-method signature="runScenario(io.cucumber.testng.PickleWrapper,io.cucumber.testng.FeatureWrapper)[pri:0, instance:phase2lmsapihackathon.runner.GetUserRunner@5386659f]" started-at="2024-04-02T02:33:17 GMT-04:00" name="runScenario" description="Runs Cucumber Scenarios" data-provider="scenarios" finished-at="2024-04-02T02:33:17 GMT-04:00" duration-ms="232" status="PASS">
          <params>
            <param index="0">
              <value>
                <![CDATA["Checking Endpoints: [GetUsersByProgramBatchId,GetUserByProgramId,GetUsersByStatus,GetUsersByRoleId]"]]>
              </value>
            </param>
            <param index="1">
              <value>
                <![CDATA["Check Users"]]>
              </value>
            </param>
          </params>
          <reporter-output>
          </reporter-output>
        </test-method> <!-- runScenario -->
        <test-method signature="runScenario(io.cucumber.testng.PickleWrapper,io.cucumber.testng.FeatureWrapper)[pri:0, instance:phase2lmsapihackathon.runner.GetUserRunner@5386659f]" started-at="2024-04-02T02:33:17 GMT-04:00" name="runScenario" description="Runs Cucumber Scenarios" data-provider="scenarios" finished-at="2024-04-02T02:33:17 GMT-04:00" duration-ms="229" status="PASS">
          <params>
            <param index="0">
              <value>
                <![CDATA["Checking Endpoints: [GetUsersByProgramBatchId,GetUserByProgramId,GetUsersByStatus,GetUsersByRoleId]"]]>
              </value>
            </param>
            <param index="1">
              <value>
                <![CDATA["Check Users"]]>
              </value>
            </param>
          </params>
          <reporter-output>
          </reporter-output>
        </test-method> <!-- runScenario -->
        <test-method signature="runScenario(io.cucumber.testng.PickleWrapper,io.cucumber.testng.FeatureWrapper)[pri:0, instance:phase2lmsapihackathon.runner.GetUserRunner@5386659f]" started-at="2024-04-02T02:33:17 GMT-04:00" name="runScenario" description="Runs Cucumber Scenarios" data-provider="scenarios" finished-at="2024-04-02T02:33:18 GMT-04:00" duration-ms="227" status="PASS">
          <params>
            <param index="0">
              <value>
                <![CDATA["Checking Endpoints: [GetUsersByProgramBatchId,GetUserByProgramId,GetUsersByStatus,GetUsersByRoleId]"]]>
              </value>
            </param>
            <param index="1">
              <value>
                <![CDATA["Check Users"]]>
              </value>
            </param>
          </params>
          <reporter-output>
          </reporter-output>
        </test-method> <!-- runScenario -->
        <test-method signature="runScenario(io.cucumber.testng.PickleWrapper,io.cucumber.testng.FeatureWrapper)[pri:0, instance:phase2lmsapihackathon.runner.GetUserRunner@5386659f]" started-at="2024-04-02T02:33:18 GMT-04:00" name="runScenario" description="Runs Cucumber Scenarios" data-provider="scenarios" finished-at="2024-04-02T02:33:18 GMT-04:00" duration-ms="192" status="PASS">
          <params>
            <param index="0">
              <value>
                <![CDATA["Checking Endpoints: [GetUsersByProgramBatchId,GetUserByProgramId,GetUsersByStatus,GetUsersByRoleId]"]]>
              </value>
            </param>
            <param index="1">
              <value>
                <![CDATA["Check Users"]]>
              </value>
            </param>
          </params>
          <reporter-output>
          </reporter-output>
        </test-method> <!-- runScenario -->
        <test-method signature="runScenario(io.cucumber.testng.PickleWrapper,io.cucumber.testng.FeatureWrapper)[pri:0, instance:phase2lmsapihackathon.runner.GetUserRunner@5386659f]" started-at="2024-04-02T02:33:18 GMT-04:00" name="runScenario" description="Runs Cucumber Scenarios" data-provider="scenarios" finished-at="2024-04-02T02:33:19 GMT-04:00" duration-ms="832" status="PASS">
          <params>
            <param index="0">
              <value>
                <![CDATA["Checking Endpoints: [GetUsersByProgramBatchId,GetUserByProgramId,GetUsersByStatus,GetUsersByRoleId]"]]>
              </value>
            </param>
            <param index="1">
              <value>
                <![CDATA["Check Users"]]>
              </value>
            </param>
          </params>
          <reporter-output>
          </reporter-output>
        </test-method> <!-- runScenario -->
        <test-method signature="runScenario(io.cucumber.testng.PickleWrapper,io.cucumber.testng.FeatureWrapper)[pri:0, instance:phase2lmsapihackathon.runner.GetUserRunner@5386659f]" started-at="2024-04-02T02:33:19 GMT-04:00" name="runScenario" description="Runs Cucumber Scenarios" data-provider="scenarios" finished-at="2024-04-02T02:33:19 GMT-04:00" duration-ms="580" status="PASS">
          <params>
            <param index="0">
              <value>
                <![CDATA["Checking Endpoints: [GetUsersByProgramBatchId,GetUserByProgramId,GetUsersByStatus,GetUsersByRoleId]"]]>
              </value>
            </param>
            <param index="1">
              <value>
                <![CDATA["Check Users"]]>
              </value>
            </param>
          </params>
          <reporter-output>
          </reporter-output>
        </test-method> <!-- runScenario -->
        <test-method signature="runScenario(io.cucumber.testng.PickleWrapper,io.cucumber.testng.FeatureWrapper)[pri:0, instance:phase2lmsapihackathon.runner.GetUserRunner@5386659f]" started-at="2024-04-02T02:33:19 GMT-04:00" name="runScenario" description="Runs Cucumber Scenarios" data-provider="scenarios" finished-at="2024-04-02T02:33:20 GMT-04:00" duration-ms="195" status="PASS">
          <params>
            <param index="0">
              <value>
                <![CDATA["Checking Endpoints: [GetUsersByProgramBatchId,GetUserByProgramId,GetUsersByStatus,GetUsersByRoleId]"]]>
              </value>
            </param>
            <param index="1">
              <value>
                <![CDATA["Check Users"]]>
              </value>
            </param>
          </params>
          <reporter-output>
          </reporter-output>
        </test-method> <!-- runScenario -->
        <test-method is-config="true" signature="tearDownClass()[pri:0, instance:phase2lmsapihackathon.runner.GetUserRunner@5386659f]" started-at="2024-04-02T02:33:20 GMT-04:00" name="tearDownClass" finished-at="2024-04-02T02:33:20 GMT-04:00" duration-ms="90" status="PASS">
          <reporter-output>
          </reporter-output>
        </test-method> <!-- tearDownClass -->
      </class> <!-- phase2lmsapihackathon.runner.GetUserRunner -->
    </test> <!-- Default test -->
  </suite> <!-- Default suite -->
</testng-results>
