<?xml version="1.0" encoding="UTF-8"?>
<!-- Generated by org.testng.reporters.JUnitReportReporter -->
<testsuite hostname="DESKTOP-TNIL84B" failures="1" tests="8" name="phase2lmsapihackathon.runner.Runner" time="12.612" errors="0" timestamp="2024-04-01T15:48:35 GMT-04:00" skipped="0">
  <testcase classname="phase2lmsapihackathon.runner.Runner" name="runScenario" time="1.615"/>
  <testcase classname="phase2lmsapihackathon.runner.Runner" name="runScenario" time="2.042"/>
  <testcase classname="phase2lmsapihackathon.runner.Runner" name="runScenario" time="1.299"/>
  <testcase classname="phase2lmsapihackathon.runner.Runner" name="runScenario" time="0.325"/>
  <testcase classname="phase2lmsapihackathon.runner.Runner" name="runScenario" time="1.008"/>
  <testcase classname="phase2lmsapihackathon.runner.Runner" name="runScenario" time="4.843"/>
  <testcase classname="phase2lmsapihackathon.runner.Runner" name="runScenario" time="0.909"/>
  <testcase classname="phase2lmsapihackathon.runner.Runner" name="runScenario" time="0.571">
    <failure message="1 expectation failed.
Expected status code &lt;404&gt; but was &lt;200&gt;.

On fail message: Actual message: io.restassured.internal.RestAssuredResponseImpl@78324e97" type="java.lang.AssertionError">
      <![CDATA[java.lang.AssertionError: 1 expectation failed.
Expected status code <404> but was <200>.

On fail message: Actual message: io.restassured.internal.RestAssuredResponseImpl@78324e97
at java.base/jdk.internal.reflect.NativeConstructorAccessorImpl.newInstance0(Native Method)
at java.base/jdk.internal.reflect.NativeConstructorAccessorImpl.newInstance(NativeConstructorAccessorImpl.java:77)
at java.base/jdk.internal.reflect.DelegatingConstructorAccessorImpl.newInstance(DelegatingConstructorAccessorImpl.java:45)
at java.base/java.lang.reflect.Constructor.newInstanceWithCaller(Constructor.java:499)
at java.base/java.lang.reflect.Constructor.newInstance(Constructor.java:480)
at org.codehaus.groovy.reflection.CachedConstructor.invoke(CachedConstructor.java:73)
at org.codehaus.groovy.runtime.callsite.ConstructorSite$ConstructorSiteNoUnwrapNoCoerce.callConstructor(ConstructorSite.java:108)
at org.codehaus.groovy.runtime.callsite.CallSiteArray.defaultCallConstructor(CallSiteArray.java:57)
at org.codehaus.groovy.runtime.callsite.AbstractCallSite.callConstructor(AbstractCallSite.java:263)
at org.codehaus.groovy.runtime.callsite.AbstractCallSite.callConstructor(AbstractCallSite.java:277)
at io.restassured.internal.ResponseSpecificationImpl$HamcrestAssertionClosure.validate(ResponseSpecificationImpl.groovy:512)
at io.restassured.internal.ResponseSpecificationImpl$HamcrestAssertionClosure$validate$1.call(Unknown Source)
at io.restassured.internal.ResponseSpecificationImpl.validateResponseIfRequired(ResponseSpecificationImpl.groovy:696)
at io.restassured.internal.ResponseSpecificationImpl.this$2$validateResponseIfRequired(ResponseSpecificationImpl.groovy)
at java.base/jdk.internal.reflect.NativeMethodAccessorImpl.invoke0(Native Method)
at java.base/jdk.internal.reflect.NativeMethodAccessorImpl.invoke(NativeMethodAccessorImpl.java:77)
at java.base/jdk.internal.reflect.DelegatingMethodAccessorImpl.invoke(DelegatingMethodAccessorImpl.java:43)
at java.base/java.lang.reflect.Method.invoke(Method.java:568)
at org.codehaus.groovy.runtime.callsite.PlainObjectMetaMethodSite.doInvoke(PlainObjectMetaMethodSite.java:43)
at org.codehaus.groovy.runtime.callsite.PogoMetaMethodSite$PogoCachedMethodSiteNoUnwrapNoCoerce.invoke(PogoMetaMethodSite.java:198)
at org.codehaus.groovy.runtime.callsite.PogoMetaMethodSite.callCurrent(PogoMetaMethodSite.java:62)
at org.codehaus.groovy.runtime.callsite.AbstractCallSite.callCurrent(AbstractCallSite.java:185)
at io.restassured.internal.ResponseSpecificationImpl.statusCode(ResponseSpecificationImpl.groovy:135)
at io.restassured.specification.ResponseSpecification$statusCode$0.callCurrent(Unknown Source)
at io.restassured.internal.ResponseSpecificationImpl.statusCode(ResponseSpecificationImpl.groovy:143)
at io.restassured.internal.ValidatableResponseOptionsImpl.statusCode(ValidatableResponseOptionsImpl.java:89)
at phase2lmsapihackathon.steps.PutUserRequestStep.validate_response(PutUserRequestStep.java:227)
at phase2lmsapihackathon.steps.PutUserRequestStep.user_sends_scenarios_for_role_id_reads_data_from_json(PutUserRequestStep.java:155)
at ✽.User sends "updateroleid" scenarios "PUTUpdateUserRoleId" for RoleId reads data from json "PutUpdateUserRoleByUserId"(file:///C:/eclipse/eclipse-workspace/NumpyNinja-APITest/phase2lmsapihackathon/src/test/resources/features/endtoend/usermodule.feature:30)
]]>
    </failure>
  </testcase> <!-- runScenario -->
</testsuite> <!-- phase2lmsapihackathon.runner.Runner -->
