<?xml version="1.0" encoding="UTF-8"?>
<!-- Generated by org.testng.reporters.JUnitReportReporter -->
<testsuite hostname="DESKTOP-TNIL84B" failures="0" tests="2" name="phase2lmsapihackathon.runner.Runner" time="4.019" errors="0" timestamp="2024-03-28T18:09:39 GMT-04:00" skipped="0">
  <testcase classname="phase2lmsapihackathon.runner.Runner" name="runScenario" time="0.438"/>
  <testcase classname="phase2lmsapihackathon.runner.Runner" name="runScenario" time="3.581"/>
</testsuite> <!-- phase2lmsapihackathon.runner.Runner -->
